<?xml version="1.0" encoding="UTF-8"?>
<testsuite xmlns:xsi="http://www.w3.org/2001/XMLSchema-instance" xsi:noNamespaceSchemaLocation="https://maven.apache.org/surefire/maven-surefire-plugin/xsd/surefire-test-report.xsd" name="com.testlang.parser.ParserTest" time="0.191" tests="13" errors="0" skipped="0" failures="0">
  <properties>
[...]
</properties>
  <testcase name="testParseVariableDeclarations{Path}" classname="com.testlang.parser.ParserTest" time="0.017"/>
  <testcase name="testParseStatusAssertion{Path}" classname="com.testlang.parser.ParserTest" time="0.016"/>
  <testcase name="testParseSyntaxError{Path}" classname="com.testlang.parser.ParserTest" time="0.015"/>
  <testcase name="testParseConfigBlock{Path}" classname="com.testlang.parser.ParserTest" time="0.016"/>
  <testcase name="testParseMinimalTest{Path}" classname="com.testlang.parser.ParserTest" time="0.005"/>
  <testcase name="testParseHeaderAssertions{Path}" classname="com.testlang.parser.ParserTest" time="0.005"/>
  <testcase name="testParsePostRequest{Path}" classname="com.testlang.parser.ParserTest" time="0.005"/>
  <testcase name="testParsePutRequest{Path}" classname="com.testlang.parser.ParserTest" time="0.014"/>
  <testcase name="testParseMultipleTests{Path}" classname="com.testlang.parser.ParserTest" time="0.017"/>
  <testcase name="testParseFullFeatureProgram{Path}" classname="com.testlang.parser.ParserTest" time="0.021"/>
  <testcase name="testParseGetRequest{Path}" classname="com.testlang.parser.ParserTest" time="0.015"/>
  <testcase name="testParseBodyAssertion{Path}" classname="com.testlang.parser.ParserTest" time="0.018"/>
  <testcase name="testParseDeleteRequest{Path}" classname="com.testlang.parser.ParserTest" time="0.019"/>
</testsuite>